<?xml version="1.0" encoding="UTF-8"?>
<!-- Generated by org.testng.reporters.JUnitReportReporter -->
<testsuite hostname="VAIO-Sandeep" name="testpakage.WebTest1" tests="3" failures="0" timestamp="20 Jun 2018 18:24:11 GMT" time="37.011" errors="0">
  <testcase name="deleteAddressBook" time="16.046" classname="testpakage.WebTest1"/>
  <testcase name="addAddressBook" time="8.548" classname="testpakage.WebTest1"/>
  <testcase name="updateAddressBook" time="12.417" classname="testpakage.WebTest1"/>
</testsuite> <!-- testpakage.WebTest1 -->
