<?xml version="1.0" encoding="UTF-8"?>
<!-- Generated by org.testng.reporters.JUnitReportReporter -->
<testsuite hostname="VAIO-Sandeep" name="testpakage.LoginTest" tests="1" failures="0" timestamp="18 Jun 2018 18:55:31 GMT" time="3.043" errors="0">
  <testcase name="testLoginPage" time="3.043" classname="testpakage.LoginTest"/>
</testsuite> <!-- testpakage.LoginTest -->
