<?xml version="1.0" encoding="UTF-8"?>
<!-- Generated by org.testng.reporters.JUnitReportReporter -->
<testsuite hostname="VAIO-Sandeep" name="testpakage.HomePageTest" tests="1" failures="0" timestamp="18 Jun 2018 18:55:31 GMT" time="1.776" errors="0">
  <testcase name="testHomePage" time="1.776" classname="testpakage.HomePageTest"/>
</testsuite> <!-- testpakage.HomePageTest -->
