<?xml version="1.0" encoding="UTF-8"?>
<!-- Generated by org.testng.reporters.JUnitReportReporter -->
<testsuite hostname="VAIO-Sandeep" name="testpakage.MyProfileTest" tests="1" failures="0" timestamp="18 Jun 2018 18:55:31 GMT" time="2.393" errors="0">
  <testcase name="testMyProfile" time="2.393" classname="testpakage.MyProfileTest"/>
</testsuite> <!-- testpakage.MyProfileTest -->
