<?xml version="1.0" encoding="UTF-8"?>
<!-- Generated by org.testng.reporters.JUnitReportReporter -->
<testsuite hostname="VAIO-Sandeep" name="testpakage.TestCommodityForm" tests="1" failures="0" timestamp="19 Jun 2018 17:10:06 GMT" time="1.323" errors="0">
  <testcase name="test_Commodity_Details" time="1.323" classname="testpakage.TestCommodityForm"/>
</testsuite> <!-- testpakage.TestCommodityForm -->
